MyNotes/app/build/intermediates/manifest_merge_blame_file/debug/manifest-merger-blame-debug-report.txt
1<?xml version="1.0" encoding="utf-8"?>
2<manifest xmlns:android="http://schemas.android.com/apk/res/android"
3    package="com.lin.worldnotes"
4    android:versionCode="1"
5    android:versionName="1.0" >
6
7    <uses-sdk
8        android:minSdkVersion="16"
8-->src\main\AndroidManifest.xml
9        android:targetSdkVersion="30" />
9-->src\main\AndroidManifest.xml
10
11    <uses-permission android:name="android.permission.WRITE_EXTERNAL_STORAGE" />
11-->src\main\AndroidManifest.xml:5:5-81
11-->src\main\AndroidManifest.xml:5:22-78
12    <uses-permission android:name="android.permission.READ_EXTERNAL_STORAGE" />
12-->src\main\AndroidManifest.xml:6:5-80
12-->src\main\AndroidManifest.xml:6:22-77
13    <uses-permission android:name="android.permission.CAMERA" />
13-->src\main\AndroidManifest.xml:8:5-65
13-->src\main\AndroidManifest.xml:8:22-62
14
15    <application
15-->src\main\AndroidManifest.xml:10:5-30:19
16        android:allowBackup="true"
16-->src\main\AndroidManifest.xml:11:9-35
17        android:appComponentFactory="androidx.core.app.CoreComponentFactory"
17-->[androidx.core:core:1.3.1] AndroidManifest.xml:24:18-86
18        android:debuggable="true"
19        android:icon="@drawable/ic_launcher"
19-->src\main\AndroidManifest.xml:12:9-45
20        android:label="@string/app_name"
20-->src\main\AndroidManifest.xml:13:9-41
21        android:testOnly="true"
22        android:theme="@style/AppTheme" >
22-->src\main\AndroidManifest.xml:14:9-40
23        <activity
23-->src\main\AndroidManifest.xml:15:9-23:20
24            android:name="com.lin.worldnotes.MainActivity"
24-->src\main\AndroidManifest.xml:16:13-41
25            android:label="@string/app_name" >
25-->src\main\AndroidManifest.xml:17:13-45
26            <intent-filter>
26-->src\main\AndroidManifest.xml:18:13-22:29
27                <action android:name="android.intent.action.MAIN" />
27-->src\main\AndroidManifest.xml:19:17-69
27-->src\main\AndroidManifest.xml:19:25-66
28
29                <category android:name="android.intent.category.LAUNCHER" />
29-->src\main\AndroidManifest.xml:21:17-77
29-->src\main\AndroidManifest.xml:21:27-74
30            </intent-filter>
31        </activity>
32        <activity android:name="com.lin.worldnotes.EditNotesActivity" />
32-->src\main\AndroidManifest.xml:24:9-55
32-->src\main\AndroidManifest.xml:24:19-52
33        <activity android:name="com.lin.worldnotes.PhotoViewActivity" />
33-->src\main\AndroidManifest.xml:25:9-55
33-->src\main\AndroidManifest.xml:25:19-52
34        <activity android:name="com.lin.worldnotes.VideoViewActivity" />
34-->src\main\AndroidManifest.xml:26:9-55
34-->src\main\AndroidManifest.xml:26:19-52
35        <activity android:name="com.lin.worldnotes.menu.SettingActivity" />
35-->src\main\AndroidManifest.xml:27:9-58
35-->src\main\AndroidManifest.xml:27:19-55
36        <activity android:name="com.lin.worldnotes.menu.AboutActivity" />
36-->src\main\AndroidManifest.xml:28:9-56
36-->src\main\AndroidManifest.xml:28:19-53
37        <activity android:name="com.lin.worldnotes.menu.HelpActivity" />
37-->src\main\AndroidManifest.xml:29:9-55
37-->src\main\AndroidManifest.xml:29:19-52
38    </application>
39
40</manifest>